<?xml version="1.0" encoding="UTF-8"?>
<!-- Generated by org.testng.reporters.JUnitXMLReporter -->
<testsuite ignored="0" hostname="LAPTOP-EEBKPBG9" failures="0" tests="14" name="Default test" time="27.783" errors="0" timestamp="2024-07-28T16:09:52 IST">
  <testcase classname="tests.LoginPageTest" name="testCheckoutProcess" time="0.687"/>
  <testcase classname="tests.LoginPageTest" name="testProductAdditionToCart" time="0.395"/>
  <testcase classname="tests.LoginPageTest" name="verifyLoginFunctionality" time="0.258"/>
  <testcase classname="tests.LoginPageTest" name="verifyLoginFunctionality" time="0.263"/>
  <testcase classname="tests.LoginPageTest" name="verifyLoginFunctionality" time="5.303"/>
  <testcase classname="tests.LoginPageTest" name="verifyLoginFunctionality" time="0.275"/>
  <testcase classname="tests.LoginPageTest" name="verifyLoginFunctionality" time="0.275"/>
  <testcase classname="tests.LoginPageTest" name="verifyLoginFunctionality" time="0.246"/>
  <testcase classname="tests.LoginPageTest" name="verifyLoginFunctionality" time="0.241"/>
  <testcase classname="tests.LoginPageTest" name="verifyLoginFunctionality" time="0.249"/>
  <testcase classname="tests.LoginPageTest" name="verifyLoginFunctionality" time="0.173"/>
  <testcase classname="tests.LoginPageTest" name="verifyLogo" time="0.033"/>
  <testcase classname="tests.LoginPageTest" name="verifyPageTitle" time="0.013"/>
  <testcase classname="tests.LoginPageTest" name="verifyURL" time="0.025"/>
</testsuite> <!-- Default test -->
