<?xml version="1.0" encoding="UTF-8"?>
<testng-results ignored="0" total="14" passed="14" failed="0" skipped="0">
  <reporter-output>
  </reporter-output>
  <suite started-at="2024-07-28T16:09:24 IST" name="Default suite" finished-at="2024-07-28T16:09:52 IST" duration-ms="27783">
    <groups>
    </groups>
    <test started-at="2024-07-28T16:09:24 IST" name="Default test" finished-at="2024-07-28T16:09:52 IST" duration-ms="27783">
      <class name="tests.LoginPageTest">
        <test-method is-config="true" signature="initializeBrowser()[pri:0, instance:tests.LoginPageTest@62379589]" started-at="2024-07-28T16:09:24 IST" name="initializeBrowser" finished-at="2024-07-28T16:09:26 IST" duration-ms="1840" status="PASS">
          <reporter-output>
          </reporter-output>
        </test-method> <!-- initializeBrowser -->
        <test-method is-config="true" signature="setup()[pri:0, instance:tests.LoginPageTest@62379589]" started-at="2024-07-28T16:09:26 IST" name="setup" finished-at="2024-07-28T16:09:26 IST" duration-ms="24" status="PASS">
          <reporter-output>
          </reporter-output>
        </test-method> <!-- setup -->
        <test-method signature="testCheckoutProcess()[pri:0, instance:tests.LoginPageTest@62379589]" started-at="2024-07-28T16:09:26 IST" name="testCheckoutProcess" finished-at="2024-07-28T16:09:27 IST" duration-ms="687" status="PASS">
          <reporter-output>
          </reporter-output>
        </test-method> <!-- testCheckoutProcess -->
        <test-method is-config="true" signature="tearDown(org.testng.ITestResult)[pri:0, instance:tests.LoginPageTest@62379589]" started-at="2024-07-28T16:09:27 IST" name="tearDown" finished-at="2024-07-28T16:09:27 IST" duration-ms="155" status="PASS">
          <params>
            <param index="0">
              <value>
                <![CDATA[[TestResult name=testCheckoutProcess status=SUCCESS method=LoginPageTest.testCheckoutProcess()[pri:0, instance:tests.LoginPageTest@62379589] output={null}]]]>
              </value>
            </param>
          </params>
          <reporter-output>
          </reporter-output>
        </test-method> <!-- tearDown -->
        <test-method is-config="true" signature="initializeBrowser()[pri:0, instance:tests.LoginPageTest@62379589]" started-at="2024-07-28T16:09:27 IST" name="initializeBrowser" finished-at="2024-07-28T16:09:28 IST" duration-ms="1185" status="PASS">
          <reporter-output>
          </reporter-output>
        </test-method> <!-- initializeBrowser -->
        <test-method is-config="true" signature="setup()[pri:0, instance:tests.LoginPageTest@62379589]" started-at="2024-07-28T16:09:28 IST" name="setup" finished-at="2024-07-28T16:09:28 IST" duration-ms="1" status="PASS">
          <reporter-output>
          </reporter-output>
        </test-method> <!-- setup -->
        <test-method signature="testProductAdditionToCart()[pri:0, instance:tests.LoginPageTest@62379589]" started-at="2024-07-28T16:09:28 IST" name="testProductAdditionToCart" finished-at="2024-07-28T16:09:29 IST" duration-ms="395" status="PASS">
          <reporter-output>
          </reporter-output>
        </test-method> <!-- testProductAdditionToCart -->
        <test-method is-config="true" signature="tearDown(org.testng.ITestResult)[pri:0, instance:tests.LoginPageTest@62379589]" started-at="2024-07-28T16:09:29 IST" name="tearDown" finished-at="2024-07-28T16:09:29 IST" duration-ms="284" status="PASS">
          <params>
            <param index="0">
              <value>
                <![CDATA[[TestResult name=testProductAdditionToCart status=SUCCESS method=LoginPageTest.testProductAdditionToCart()[pri:0, instance:tests.LoginPageTest@62379589] output={null}]]]>
              </value>
            </param>
          </params>
          <reporter-output>
          </reporter-output>
        </test-method> <!-- tearDown -->
        <test-method is-config="true" signature="initializeBrowser()[pri:0, instance:tests.LoginPageTest@62379589]" started-at="2024-07-28T16:09:29 IST" name="initializeBrowser" finished-at="2024-07-28T16:09:30 IST" duration-ms="1197" status="PASS">
          <reporter-output>
          </reporter-output>
        </test-method> <!-- initializeBrowser -->
        <test-method is-config="true" signature="setup()[pri:0, instance:tests.LoginPageTest@62379589]" started-at="2024-07-28T16:09:30 IST" name="setup" finished-at="2024-07-28T16:09:30 IST" duration-ms="3" status="PASS">
          <reporter-output>
          </reporter-output>
        </test-method> <!-- setup -->
        <test-method signature="verifyLoginFunctionality(java.lang.String,java.lang.String,java.lang.String)[pri:0, instance:tests.LoginPageTest@62379589]" started-at="2024-07-28T16:09:30 IST" name="verifyLoginFunctionality" data-provider="credentials" finished-at="2024-07-28T16:09:31 IST" duration-ms="258" status="PASS">
          <params>
            <param index="0">
              <value>
                <![CDATA[valid]]>
              </value>
            </param>
            <param index="1">
              <value>
                <![CDATA[standard_user]]>
              </value>
            </param>
            <param index="2">
              <value>
                <![CDATA[secret_sauce]]>
              </value>
            </param>
          </params>
          <reporter-output>
          </reporter-output>
        </test-method> <!-- verifyLoginFunctionality -->
        <test-method is-config="true" signature="tearDown(org.testng.ITestResult)[pri:0, instance:tests.LoginPageTest@62379589]" started-at="2024-07-28T16:09:31 IST" name="tearDown" finished-at="2024-07-28T16:09:31 IST" duration-ms="133" status="PASS">
          <params>
            <param index="0">
              <value>
                <![CDATA[[TestResult name=verifyLoginFunctionality status=SUCCESS method=LoginPageTest.verifyLoginFunctionality(java.lang.String,java.lang.String,java.lang.String)[pri:0, instance:tests.LoginPageTest@62379589] output={null}]]]>
              </value>
            </param>
          </params>
          <reporter-output>
          </reporter-output>
        </test-method> <!-- tearDown -->
        <test-method is-config="true" signature="initializeBrowser()[pri:0, instance:tests.LoginPageTest@62379589]" started-at="2024-07-28T16:09:31 IST" name="initializeBrowser" finished-at="2024-07-28T16:09:32 IST" duration-ms="1179" status="PASS">
          <reporter-output>
          </reporter-output>
        </test-method> <!-- initializeBrowser -->
        <test-method is-config="true" signature="setup()[pri:0, instance:tests.LoginPageTest@62379589]" started-at="2024-07-28T16:09:32 IST" name="setup" finished-at="2024-07-28T16:09:32 IST" duration-ms="1" status="PASS">
          <reporter-output>
          </reporter-output>
        </test-method> <!-- setup -->
        <test-method signature="verifyLoginFunctionality(java.lang.String,java.lang.String,java.lang.String)[pri:0, instance:tests.LoginPageTest@62379589]" started-at="2024-07-28T16:09:32 IST" name="verifyLoginFunctionality" data-provider="credentials" finished-at="2024-07-28T16:09:32 IST" duration-ms="263" status="PASS">
          <params>
            <param index="0">
              <value>
                <![CDATA[valid]]>
              </value>
            </param>
            <param index="1">
              <value>
                <![CDATA[problem_user]]>
              </value>
            </param>
            <param index="2">
              <value>
                <![CDATA[secret_sauce]]>
              </value>
            </param>
          </params>
          <reporter-output>
          </reporter-output>
        </test-method> <!-- verifyLoginFunctionality -->
        <test-method is-config="true" signature="tearDown(org.testng.ITestResult)[pri:0, instance:tests.LoginPageTest@62379589]" started-at="2024-07-28T16:09:32 IST" name="tearDown" finished-at="2024-07-28T16:09:32 IST" duration-ms="137" status="PASS">
          <params>
            <param index="0">
              <value>
                <![CDATA[[TestResult name=verifyLoginFunctionality status=SUCCESS method=LoginPageTest.verifyLoginFunctionality(java.lang.String,java.lang.String,java.lang.String)[pri:0, instance:tests.LoginPageTest@62379589] output={null}]]]>
              </value>
            </param>
          </params>
          <reporter-output>
          </reporter-output>
        </test-method> <!-- tearDown -->
        <test-method is-config="true" signature="initializeBrowser()[pri:0, instance:tests.LoginPageTest@62379589]" started-at="2024-07-28T16:09:32 IST" name="initializeBrowser" finished-at="2024-07-28T16:09:33 IST" duration-ms="1164" status="PASS">
          <reporter-output>
          </reporter-output>
        </test-method> <!-- initializeBrowser -->
        <test-method is-config="true" signature="setup()[pri:0, instance:tests.LoginPageTest@62379589]" started-at="2024-07-28T16:09:33 IST" name="setup" finished-at="2024-07-28T16:09:33 IST" duration-ms="1" status="PASS">
          <reporter-output>
          </reporter-output>
        </test-method> <!-- setup -->
        <test-method signature="verifyLoginFunctionality(java.lang.String,java.lang.String,java.lang.String)[pri:0, instance:tests.LoginPageTest@62379589]" started-at="2024-07-28T16:09:33 IST" name="verifyLoginFunctionality" data-provider="credentials" finished-at="2024-07-28T16:09:39 IST" duration-ms="5303" status="PASS">
          <params>
            <param index="0">
              <value>
                <![CDATA[valid]]>
              </value>
            </param>
            <param index="1">
              <value>
                <![CDATA[performance_glitch_user]]>
              </value>
            </param>
            <param index="2">
              <value>
                <![CDATA[secret_sauce]]>
              </value>
            </param>
          </params>
          <reporter-output>
          </reporter-output>
        </test-method> <!-- verifyLoginFunctionality -->
        <test-method is-config="true" signature="tearDown(org.testng.ITestResult)[pri:0, instance:tests.LoginPageTest@62379589]" started-at="2024-07-28T16:09:39 IST" name="tearDown" finished-at="2024-07-28T16:09:39 IST" duration-ms="166" status="PASS">
          <params>
            <param index="0">
              <value>
                <![CDATA[[TestResult name=verifyLoginFunctionality status=SUCCESS method=LoginPageTest.verifyLoginFunctionality(java.lang.String,java.lang.String,java.lang.String)[pri:0, instance:tests.LoginPageTest@62379589] output={null}]]]>
              </value>
            </param>
          </params>
          <reporter-output>
          </reporter-output>
        </test-method> <!-- tearDown -->
        <test-method is-config="true" signature="initializeBrowser()[pri:0, instance:tests.LoginPageTest@62379589]" started-at="2024-07-28T16:09:39 IST" name="initializeBrowser" finished-at="2024-07-28T16:09:40 IST" duration-ms="1173" status="PASS">
          <reporter-output>
          </reporter-output>
        </test-method> <!-- initializeBrowser -->
        <test-method is-config="true" signature="setup()[pri:0, instance:tests.LoginPageTest@62379589]" started-at="2024-07-28T16:09:40 IST" name="setup" finished-at="2024-07-28T16:09:40 IST" duration-ms="1" status="PASS">
          <reporter-output>
          </reporter-output>
        </test-method> <!-- setup -->
        <test-method signature="verifyLoginFunctionality(java.lang.String,java.lang.String,java.lang.String)[pri:0, instance:tests.LoginPageTest@62379589]" started-at="2024-07-28T16:09:40 IST" name="verifyLoginFunctionality" data-provider="credentials" finished-at="2024-07-28T16:09:40 IST" duration-ms="275" status="PASS">
          <params>
            <param index="0">
              <value>
                <![CDATA[valid]]>
              </value>
            </param>
            <param index="1">
              <value>
                <![CDATA[error_user]]>
              </value>
            </param>
            <param index="2">
              <value>
                <![CDATA[secret_sauce]]>
              </value>
            </param>
          </params>
          <reporter-output>
          </reporter-output>
        </test-method> <!-- verifyLoginFunctionality -->
        <test-method is-config="true" signature="tearDown(org.testng.ITestResult)[pri:0, instance:tests.LoginPageTest@62379589]" started-at="2024-07-28T16:09:40 IST" name="tearDown" finished-at="2024-07-28T16:09:40 IST" duration-ms="137" status="PASS">
          <params>
            <param index="0">
              <value>
                <![CDATA[[TestResult name=verifyLoginFunctionality status=SUCCESS method=LoginPageTest.verifyLoginFunctionality(java.lang.String,java.lang.String,java.lang.String)[pri:0, instance:tests.LoginPageTest@62379589] output={null}]]]>
              </value>
            </param>
          </params>
          <reporter-output>
          </reporter-output>
        </test-method> <!-- tearDown -->
        <test-method is-config="true" signature="initializeBrowser()[pri:0, instance:tests.LoginPageTest@62379589]" started-at="2024-07-28T16:09:40 IST" name="initializeBrowser" finished-at="2024-07-28T16:09:42 IST" duration-ms="1187" status="PASS">
          <reporter-output>
          </reporter-output>
        </test-method> <!-- initializeBrowser -->
        <test-method is-config="true" signature="setup()[pri:0, instance:tests.LoginPageTest@62379589]" started-at="2024-07-28T16:09:42 IST" name="setup" finished-at="2024-07-28T16:09:42 IST" duration-ms="2" status="PASS">
          <reporter-output>
          </reporter-output>
        </test-method> <!-- setup -->
        <test-method signature="verifyLoginFunctionality(java.lang.String,java.lang.String,java.lang.String)[pri:0, instance:tests.LoginPageTest@62379589]" started-at="2024-07-28T16:09:42 IST" name="verifyLoginFunctionality" data-provider="credentials" finished-at="2024-07-28T16:09:42 IST" duration-ms="275" status="PASS">
          <params>
            <param index="0">
              <value>
                <![CDATA[valid]]>
              </value>
            </param>
            <param index="1">
              <value>
                <![CDATA[visual_user]]>
              </value>
            </param>
            <param index="2">
              <value>
                <![CDATA[secret_sauce]]>
              </value>
            </param>
          </params>
          <reporter-output>
          </reporter-output>
        </test-method> <!-- verifyLoginFunctionality -->
        <test-method is-config="true" signature="tearDown(org.testng.ITestResult)[pri:0, instance:tests.LoginPageTest@62379589]" started-at="2024-07-28T16:09:42 IST" name="tearDown" finished-at="2024-07-28T16:09:42 IST" duration-ms="155" status="PASS">
          <params>
            <param index="0">
              <value>
                <![CDATA[[TestResult name=verifyLoginFunctionality status=SUCCESS method=LoginPageTest.verifyLoginFunctionality(java.lang.String,java.lang.String,java.lang.String)[pri:0, instance:tests.LoginPageTest@62379589] output={null}]]]>
              </value>
            </param>
          </params>
          <reporter-output>
          </reporter-output>
        </test-method> <!-- tearDown -->
        <test-method is-config="true" signature="initializeBrowser()[pri:0, instance:tests.LoginPageTest@62379589]" started-at="2024-07-28T16:09:42 IST" name="initializeBrowser" finished-at="2024-07-28T16:09:43 IST" duration-ms="1166" status="PASS">
          <reporter-output>
          </reporter-output>
        </test-method> <!-- initializeBrowser -->
        <test-method is-config="true" signature="setup()[pri:0, instance:tests.LoginPageTest@62379589]" started-at="2024-07-28T16:09:43 IST" name="setup" finished-at="2024-07-28T16:09:43 IST" duration-ms="1" status="PASS">
          <reporter-output>
          </reporter-output>
        </test-method> <!-- setup -->
        <test-method signature="verifyLoginFunctionality(java.lang.String,java.lang.String,java.lang.String)[pri:0, instance:tests.LoginPageTest@62379589]" started-at="2024-07-28T16:09:43 IST" name="verifyLoginFunctionality" data-provider="credentials" finished-at="2024-07-28T16:09:43 IST" duration-ms="246" status="PASS">
          <params>
            <param index="0">
              <value>
                <![CDATA[invalid]]>
              </value>
            </param>
            <param index="1">
              <value>
                <![CDATA[abcd123]]>
              </value>
            </param>
            <param index="2">
              <value>
                <![CDATA[abcd@123]]>
              </value>
            </param>
          </params>
          <reporter-output>
          </reporter-output>
        </test-method> <!-- verifyLoginFunctionality -->
        <test-method is-config="true" signature="tearDown(org.testng.ITestResult)[pri:0, instance:tests.LoginPageTest@62379589]" started-at="2024-07-28T16:09:43 IST" name="tearDown" finished-at="2024-07-28T16:09:44 IST" duration-ms="152" status="PASS">
          <params>
            <param index="0">
              <value>
                <![CDATA[[TestResult name=verifyLoginFunctionality status=SUCCESS method=LoginPageTest.verifyLoginFunctionality(java.lang.String,java.lang.String,java.lang.String)[pri:0, instance:tests.LoginPageTest@62379589] output={null}]]]>
              </value>
            </param>
          </params>
          <reporter-output>
          </reporter-output>
        </test-method> <!-- tearDown -->
        <test-method is-config="true" signature="initializeBrowser()[pri:0, instance:tests.LoginPageTest@62379589]" started-at="2024-07-28T16:09:44 IST" name="initializeBrowser" finished-at="2024-07-28T16:09:45 IST" duration-ms="1226" status="PASS">
          <reporter-output>
          </reporter-output>
        </test-method> <!-- initializeBrowser -->
        <test-method is-config="true" signature="setup()[pri:0, instance:tests.LoginPageTest@62379589]" started-at="2024-07-28T16:09:45 IST" name="setup" finished-at="2024-07-28T16:09:45 IST" duration-ms="3" status="PASS">
          <reporter-output>
          </reporter-output>
        </test-method> <!-- setup -->
        <test-method signature="verifyLoginFunctionality(java.lang.String,java.lang.String,java.lang.String)[pri:0, instance:tests.LoginPageTest@62379589]" started-at="2024-07-28T16:09:45 IST" name="verifyLoginFunctionality" data-provider="credentials" finished-at="2024-07-28T16:09:45 IST" duration-ms="241" status="PASS">
          <params>
            <param index="0">
              <value>
                <![CDATA[invalidUN]]>
              </value>
            </param>
            <param index="1">
              <value>
                <![CDATA[abcdsfg]]>
              </value>
            </param>
            <param index="2">
              <value>
                <![CDATA[secret sauce]]>
              </value>
            </param>
          </params>
          <reporter-output>
          </reporter-output>
        </test-method> <!-- verifyLoginFunctionality -->
        <test-method is-config="true" signature="tearDown(org.testng.ITestResult)[pri:0, instance:tests.LoginPageTest@62379589]" started-at="2024-07-28T16:09:45 IST" name="tearDown" finished-at="2024-07-28T16:09:45 IST" duration-ms="149" status="PASS">
          <params>
            <param index="0">
              <value>
                <![CDATA[[TestResult name=verifyLoginFunctionality status=SUCCESS method=LoginPageTest.verifyLoginFunctionality(java.lang.String,java.lang.String,java.lang.String)[pri:0, instance:tests.LoginPageTest@62379589] output={null}]]]>
              </value>
            </param>
          </params>
          <reporter-output>
          </reporter-output>
        </test-method> <!-- tearDown -->
        <test-method is-config="true" signature="initializeBrowser()[pri:0, instance:tests.LoginPageTest@62379589]" started-at="2024-07-28T16:09:45 IST" name="initializeBrowser" finished-at="2024-07-28T16:09:46 IST" duration-ms="1107" status="PASS">
          <reporter-output>
          </reporter-output>
        </test-method> <!-- initializeBrowser -->
        <test-method is-config="true" signature="setup()[pri:0, instance:tests.LoginPageTest@62379589]" started-at="2024-07-28T16:09:46 IST" name="setup" finished-at="2024-07-28T16:09:46 IST" duration-ms="2" status="PASS">
          <reporter-output>
          </reporter-output>
        </test-method> <!-- setup -->
        <test-method signature="verifyLoginFunctionality(java.lang.String,java.lang.String,java.lang.String)[pri:0, instance:tests.LoginPageTest@62379589]" started-at="2024-07-28T16:09:46 IST" name="verifyLoginFunctionality" data-provider="credentials" finished-at="2024-07-28T16:09:47 IST" duration-ms="249" status="PASS">
          <params>
            <param index="0">
              <value>
                <![CDATA[invalidPWD]]>
              </value>
            </param>
            <param index="1">
              <value>
                <![CDATA[standard_user]]>
              </value>
            </param>
            <param index="2">
              <value>
                <![CDATA[abcd@123]]>
              </value>
            </param>
          </params>
          <reporter-output>
          </reporter-output>
        </test-method> <!-- verifyLoginFunctionality -->
        <test-method is-config="true" signature="tearDown(org.testng.ITestResult)[pri:0, instance:tests.LoginPageTest@62379589]" started-at="2024-07-28T16:09:47 IST" name="tearDown" finished-at="2024-07-28T16:09:47 IST" duration-ms="119" status="PASS">
          <params>
            <param index="0">
              <value>
                <![CDATA[[TestResult name=verifyLoginFunctionality status=SUCCESS method=LoginPageTest.verifyLoginFunctionality(java.lang.String,java.lang.String,java.lang.String)[pri:0, instance:tests.LoginPageTest@62379589] output={null}]]]>
              </value>
            </param>
          </params>
          <reporter-output>
          </reporter-output>
        </test-method> <!-- tearDown -->
        <test-method is-config="true" signature="initializeBrowser()[pri:0, instance:tests.LoginPageTest@62379589]" started-at="2024-07-28T16:09:47 IST" name="initializeBrowser" finished-at="2024-07-28T16:09:48 IST" duration-ms="1239" status="PASS">
          <reporter-output>
          </reporter-output>
        </test-method> <!-- initializeBrowser -->
        <test-method is-config="true" signature="setup()[pri:0, instance:tests.LoginPageTest@62379589]" started-at="2024-07-28T16:09:48 IST" name="setup" finished-at="2024-07-28T16:09:48 IST" duration-ms="3" status="PASS">
          <reporter-output>
          </reporter-output>
        </test-method> <!-- setup -->
        <test-method signature="verifyLoginFunctionality(java.lang.String,java.lang.String,java.lang.String)[pri:0, instance:tests.LoginPageTest@62379589]" started-at="2024-07-28T16:09:48 IST" name="verifyLoginFunctionality" data-provider="credentials" finished-at="2024-07-28T16:09:48 IST" duration-ms="173" status="PASS">
          <params>
            <param index="0">
              <value>
                <![CDATA[Blank]]>
              </value>
            </param>
            <param index="1">
              <value>
                <![CDATA[]]>
              </value>
            </param>
            <param index="2">
              <value>
                <![CDATA[]]>
              </value>
            </param>
          </params>
          <reporter-output>
          </reporter-output>
        </test-method> <!-- verifyLoginFunctionality -->
        <test-method is-config="true" signature="tearDown(org.testng.ITestResult)[pri:0, instance:tests.LoginPageTest@62379589]" started-at="2024-07-28T16:09:48 IST" name="tearDown" finished-at="2024-07-28T16:09:48 IST" duration-ms="129" status="PASS">
          <params>
            <param index="0">
              <value>
                <![CDATA[[TestResult name=verifyLoginFunctionality status=SUCCESS method=LoginPageTest.verifyLoginFunctionality(java.lang.String,java.lang.String,java.lang.String)[pri:0, instance:tests.LoginPageTest@62379589] output={null}]]]>
              </value>
            </param>
          </params>
          <reporter-output>
          </reporter-output>
        </test-method> <!-- tearDown -->
        <test-method is-config="true" signature="initializeBrowser()[pri:0, instance:tests.LoginPageTest@62379589]" started-at="2024-07-28T16:09:48 IST" name="initializeBrowser" finished-at="2024-07-28T16:09:49 IST" duration-ms="1130" status="PASS">
          <reporter-output>
          </reporter-output>
        </test-method> <!-- initializeBrowser -->
        <test-method is-config="true" signature="setup()[pri:0, instance:tests.LoginPageTest@62379589]" started-at="2024-07-28T16:09:49 IST" name="setup" finished-at="2024-07-28T16:09:49 IST" duration-ms="1" status="PASS">
          <reporter-output>
          </reporter-output>
        </test-method> <!-- setup -->
        <test-method signature="verifyLogo()[pri:0, instance:tests.LoginPageTest@62379589]" started-at="2024-07-28T16:09:49 IST" name="verifyLogo" finished-at="2024-07-28T16:09:49 IST" duration-ms="33" status="PASS">
          <reporter-output>
          </reporter-output>
        </test-method> <!-- verifyLogo -->
        <test-method is-config="true" signature="tearDown(org.testng.ITestResult)[pri:0, instance:tests.LoginPageTest@62379589]" started-at="2024-07-28T16:09:49 IST" name="tearDown" finished-at="2024-07-28T16:09:50 IST" duration-ms="117" status="PASS">
          <params>
            <param index="0">
              <value>
                <![CDATA[[TestResult name=verifyLogo status=SUCCESS method=LoginPageTest.verifyLogo()[pri:0, instance:tests.LoginPageTest@62379589] output={null}]]]>
              </value>
            </param>
          </params>
          <reporter-output>
          </reporter-output>
        </test-method> <!-- tearDown -->
        <test-method is-config="true" signature="initializeBrowser()[pri:0, instance:tests.LoginPageTest@62379589]" started-at="2024-07-28T16:09:50 IST" name="initializeBrowser" finished-at="2024-07-28T16:09:51 IST" duration-ms="1152" status="PASS">
          <reporter-output>
          </reporter-output>
        </test-method> <!-- initializeBrowser -->
        <test-method is-config="true" signature="setup()[pri:0, instance:tests.LoginPageTest@62379589]" started-at="2024-07-28T16:09:51 IST" name="setup" finished-at="2024-07-28T16:09:51 IST" duration-ms="2" status="PASS">
          <reporter-output>
          </reporter-output>
        </test-method> <!-- setup -->
        <test-method signature="verifyPageTitle()[pri:0, instance:tests.LoginPageTest@62379589]" started-at="2024-07-28T16:09:51 IST" name="verifyPageTitle" finished-at="2024-07-28T16:09:51 IST" duration-ms="13" status="PASS">
          <reporter-output>
          </reporter-output>
        </test-method> <!-- verifyPageTitle -->
        <test-method is-config="true" signature="tearDown(org.testng.ITestResult)[pri:0, instance:tests.LoginPageTest@62379589]" started-at="2024-07-28T16:09:51 IST" name="tearDown" finished-at="2024-07-28T16:09:51 IST" duration-ms="140" status="PASS">
          <params>
            <param index="0">
              <value>
                <![CDATA[[TestResult name=verifyPageTitle status=SUCCESS method=LoginPageTest.verifyPageTitle()[pri:0, instance:tests.LoginPageTest@62379589] output={null}]]]>
              </value>
            </param>
          </params>
          <reporter-output>
          </reporter-output>
        </test-method> <!-- tearDown -->
        <test-method is-config="true" signature="initializeBrowser()[pri:0, instance:tests.LoginPageTest@62379589]" started-at="2024-07-28T16:09:51 IST" name="initializeBrowser" finished-at="2024-07-28T16:09:52 IST" duration-ms="1171" status="PASS">
          <reporter-output>
          </reporter-output>
        </test-method> <!-- initializeBrowser -->
        <test-method is-config="true" signature="setup()[pri:0, instance:tests.LoginPageTest@62379589]" started-at="2024-07-28T16:09:52 IST" name="setup" finished-at="2024-07-28T16:09:52 IST" duration-ms="1" status="PASS">
          <reporter-output>
          </reporter-output>
        </test-method> <!-- setup -->
        <test-method signature="verifyURL()[pri:0, instance:tests.LoginPageTest@62379589]" started-at="2024-07-28T16:09:52 IST" name="verifyURL" finished-at="2024-07-28T16:09:52 IST" duration-ms="25" status="PASS">
          <reporter-output>
          </reporter-output>
        </test-method> <!-- verifyURL -->
        <test-method is-config="true" signature="tearDown(org.testng.ITestResult)[pri:0, instance:tests.LoginPageTest@62379589]" started-at="2024-07-28T16:09:52 IST" name="tearDown" finished-at="2024-07-28T16:09:52 IST" duration-ms="144" status="PASS">
          <params>
            <param index="0">
              <value>
                <![CDATA[[TestResult name=verifyURL status=SUCCESS method=LoginPageTest.verifyURL()[pri:0, instance:tests.LoginPageTest@62379589] output={null}]]]>
              </value>
            </param>
          </params>
          <reporter-output>
          </reporter-output>
        </test-method> <!-- tearDown -->
      </class> <!-- tests.LoginPageTest -->
    </test> <!-- Default test -->
  </suite> <!-- Default suite -->
</testng-results>
